Build started 11/24/2014 8:32:17 PM.
     1>Project "Z:\CS172\Final Project\Final Project\Final Project.vcxproj" on node 2 (Build target(s)).
     1>ClCompile:
         C:\Program Files (x86)\Microsoft Visual Studio 11.0\VC\bin\CL.exe /c /ZI /nologo /W3 /WX- /Od /Oy- /D WIN32 /D _DEBUG /D _CONSOLE /D _UNICODE /D UNICODE /Gm /EHsc /RTC1 /MDd /GS /fp:precise /Zc:wchar_t /Zc:forScope /Fo"Debug\\" /Fd"Debug\vc110.pdb" /Gd /TP /analyze- /errorReport:prompt AddDeck.cpp MakeDeck.cpp Source.cpp
         Source.cpp
         MakeDeck.cpp
     1>z:\cs172\final project\final project\makedeck.cpp(35): warning C4018: '<' : signed/unsigned mismatch
         Generating Code...
         Compiling...
         AddDeck.cpp
         Generating Code...
       Link:
         C:\Program Files (x86)\Microsoft Visual Studio 11.0\VC\bin\link.exe /ERRORREPORT:PROMPT /OUT:"Z:\CS172\Final Project\Debug\Final Project.exe" /INCREMENTAL /NOLOGO kernel32.lib user32.lib gdi32.lib winspool.lib comdlg32.lib advapi32.lib shell32.lib ole32.lib oleaut32.lib uuid.lib odbc32.lib odbccp32.lib /MANIFEST /MANIFESTUAC:"level='asInvoker' uiAccess='false'" /manifest:embed /DEBUG /PDB:"Z:\CS172\Final Project\Debug\Final Project.pdb" /SUBSYSTEM:CONSOLE /TLBID:1 /DYNAMICBASE /NXCOMPAT /IMPLIB:"Z:\CS172\Final Project\Debug\Final Project.lib" /MACHINE:X86 Debug\AddDeck.obj
         Debug\MakeDeck.obj
         Debug\Notecard.obj
         Debug\Source.obj
         Final Project.vcxproj -> Z:\CS172\Final Project\Debug\Final Project.exe
     1>Done Building Project "Z:\CS172\Final Project\Final Project\Final Project.vcxproj" (Build target(s)).

Build succeeded.

Time Elapsed 00:00:03.82
